<?xml version="1.0" encoding="UTF-8"?>
<testsuite xmlns:xsi="http://www.w3.org/2001/XMLSchema-instance" xsi:noNamespaceSchemaLocation="https://maven.apache.org/surefire/maven-surefire-plugin/xsd/surefire-test-report-3.0.xsd" version="3.0" name="step_definitions.RunCukesTest" time="133.157" tests="53" errors="0" skipped="0" failures="0">
  <properties>
[...]
</properties>
  <testcase name="Given User open the web page" classname="Scenario: Click on item who showed on the list" time="0.002">
    <system-out><![CDATA[@listItem
Feature: Item List on page it must be clickable
  As a User i want to click the product to check full description
]]></system-out>
    <system-err><![CDATA[SLF4J: Failed to load class "org.slf4j.impl.StaticLoggerBinder".
SLF4J: Defaulting to no-operation (NOP) logger implementation
SLF4J: See http://www.slf4j.org/codes.html#StaticLoggerBinder for further details.
Starting ChromeDriver 106.0.5249.61 (511755355844955cd3e264779baf0dd38212a4d0-refs/branch-heads/5249@{#569}) on port 46997
Only local connections are allowed.
Please see https://chromedriver.chromium.org/security-considerations for suggestions on keeping ChromeDriver safe.
ChromeDriver was started successfully.
Oct 30, 2022 8:37:36 PM org.openqa.selenium.remote.ProtocolHandshake createSession
INFO: Detected dialect: W3C
Oct 30, 2022 8:37:36 PM org.openqa.selenium.devtools.CdpVersionFinder findNearestMatch
WARNING: Unable to find an exact match for CDP version 106, so returning the closest version found: a no-op implementation
Oct 30, 2022 8:37:36 PM org.openqa.selenium.devtools.CdpVersionFinder findNearestMatch
INFO: Unable to find CDP implementation matching 106.
Oct 30, 2022 8:37:36 PM org.openqa.selenium.chromium.ChromiumDriver lambda$new$3
WARNING: Unable to find version of CDP to use for . You may need to include a dependency on a specific version of the CDP using something similar to `org.seleniumhq.selenium:selenium-devtools-v86:4.1.2` where the version ("v86") matches the version of the chromium-based browser you're using and the version number of the artifact is the same as Selenium's.
]]></system-err>
  </testcase>
  <testcase name="When User input &quot;standard_user&quot; as userName and &quot;secret_sauce&quot; as pasword" classname="Scenario: Click on item who showed on the list" time="0.001"/>
  <testcase name="And User is already in landing page" classname="Scenario: Click on item who showed on the list" time="0"/>
  <testcase name="Then User click on &quot;Sauce Labs Backpack&quot; to see detail of product" classname="Scenario: Click on item who showed on the list" time="0"/>
  <testcase name="And User click on &quot;Sauce Labs Bike Light&quot; to see detail of product" classname="Scenario: Click on item who showed on the list" time="0"/>
  <testcase name="And User click on &quot;Sauce Labs Bolt T-Shirt&quot; to see detail of product" classname="Scenario: Click on item who showed on the list" time="0"/>
  <testcase name="And User click on &quot;Sauce Labs Fleece Jacket&quot; to see detail of product" classname="Scenario: Click on item who showed on the list" time="0.001"/>
  <testcase name="And User click on &quot;Sauce Labs Onesie&quot; to see detail of product" classname="Scenario: Click on item who showed on the list" time="0"/>
  <testcase name="And User click on &quot;Test.allTheThings() T-Shirt (Red)&quot; to see detail of product" classname="Scenario: Click on item who showed on the list" time="0"/>
  <testcase name="" classname="Scenario: Click on item who showed on the list" time="0.155"/>
  <testcase name="Given User open the web page" classname="Scenario: Valid Login" time="0">
    <system-out><![CDATA[
  Scenario: Click on item who showed on the list                                   &amp#27;[90m# features/ItemOnPage.feature:4&amp#27;[0m
    &amp#27;[32mGiven &amp#27;[0m&amp#27;[32mUser open the web page&amp#27;[0m                                                   &amp#27;[90m# loginSteps.verifyLoginPage()&amp#27;[0m
    &amp#27;[32mWhen &amp#27;[0m&amp#27;[32mUser input "&amp#27;[0m&amp#27;[32m&amp#27;[1mstandard_user&amp#27;[0m&amp#27;[32m" as userName and "&amp#27;[0m&amp#27;[32m&amp#27;[1msecret_sauce&amp#27;[0m&amp#27;[32m" as pasword&amp#27;[0m      &amp#27;[90m# loginSteps.inputCredential(String,String)&amp#27;[0m
    &amp#27;[32mAnd &amp#27;[0m&amp#27;[32mUser is already in landing page&amp#27;[0m                                            &amp#27;[90m# loginSteps.isDashboardIsDisplayed()&amp#27;[0m
    &amp#27;[32mThen &amp#27;[0m&amp#27;[32mUser click on "&amp#27;[0m&amp#27;[32m&amp#27;[1mSauce Labs Backpack&amp#27;[0m&amp#27;[32m" to see detail of product&amp#27;[0m              &amp#27;[90m# itemPage.verifyClickOnLandingPage(String)&amp#27;[0m
    &amp#27;[32mAnd &amp#27;[0m&amp#27;[32mUser click on "&amp#27;[0m&amp#27;[32m&amp#27;[1mSauce Labs Bike Light&amp#27;[0m&amp#27;[32m" to see detail of product&amp#27;[0m             &amp#27;[90m# itemPage.verifyClickOnLandingPage(String)&amp#27;[0m
    &amp#27;[32mAnd &amp#27;[0m&amp#27;[32mUser click on "&amp#27;[0m&amp#27;[32m&amp#27;[1mSauce Labs Bolt T-Shirt&amp#27;[0m&amp#27;[32m" to see detail of product&amp#27;[0m           &amp#27;[90m# itemPage.verifyClickOnLandingPage(String)&amp#27;[0m
    &amp#27;[32mAnd &amp#27;[0m&amp#27;[32mUser click on "&amp#27;[0m&amp#27;[32m&amp#27;[1mSauce Labs Fleece Jacket&amp#27;[0m&amp#27;[32m" to see detail of product&amp#27;[0m          &amp#27;[90m# itemPage.verifyClickOnLandingPage(String)&amp#27;[0m
    &amp#27;[32mAnd &amp#27;[0m&amp#27;[32mUser click on "&amp#27;[0m&amp#27;[32m&amp#27;[1mSauce Labs Onesie&amp#27;[0m&amp#27;[32m" to see detail of product&amp#27;[0m                 &amp#27;[90m# itemPage.verifyClickOnLandingPage(String)&amp#27;[0m
    &amp#27;[32mAnd &amp#27;[0m&amp#27;[32mUser click on "&amp#27;[0m&amp#27;[32m&amp#27;[1mTest.allTheThings() T-Shirt (Red)&amp#27;[0m&amp#27;[32m" to see detail of product&amp#27;[0m &amp#27;[90m# itemPage.verifyClickOnLandingPage(String)&amp#27;[0m
@Login
Feature: Login
  As a user i want to login to home page saucedemo
]]></system-out>
    <system-err><![CDATA[Starting ChromeDriver 106.0.5249.61 (511755355844955cd3e264779baf0dd38212a4d0-refs/branch-heads/5249@{#569}) on port 42656
Only local connections are allowed.
Please see https://chromedriver.chromium.org/security-considerations for suggestions on keeping ChromeDriver safe.
ChromeDriver was started successfully.
Oct 30, 2022 8:38:01 PM org.openqa.selenium.remote.ProtocolHandshake createSession
INFO: Detected dialect: W3C
Oct 30, 2022 8:38:01 PM org.openqa.selenium.devtools.CdpVersionFinder findNearestMatch
WARNING: Unable to find an exact match for CDP version 106, so returning the closest version found: a no-op implementation
Oct 30, 2022 8:38:01 PM org.openqa.selenium.devtools.CdpVersionFinder findNearestMatch
INFO: Unable to find CDP implementation matching 106.
Oct 30, 2022 8:38:01 PM org.openqa.selenium.chromium.ChromiumDriver lambda$new$3
WARNING: Unable to find version of CDP to use for . You may need to include a dependency on a specific version of the CDP using something similar to `org.seleniumhq.selenium:selenium-devtools-v86:4.1.2` where the version ("v86") matches the version of the chromium-based browser you're using and the version number of the artifact is the same as Selenium's.
]]></system-err>
  </testcase>
  <testcase name="When User input &quot;standard_user&quot; as userName and &quot;secret_sauce&quot; as pasword" classname="Scenario: Valid Login" time="0"/>
  <testcase name="And User is already in landing page" classname="Scenario: Valid Login" time="0"/>
  <testcase name="" classname="Scenario: Valid Login" time="0.156"/>
  <testcase name="Given User open the web page" classname="| asd | secret_sauce | Epic sadface: Username and password do not match any user in this service |" time="0">
    <system-out><![CDATA[
  Scenario: Valid Login                                                       &amp#27;[90m# features/Login.feature:4&amp#27;[0m
    &amp#27;[32mGiven &amp#27;[0m&amp#27;[32mUser open the web page&amp#27;[0m                                              &amp#27;[90m# loginSteps.verifyLoginPage()&amp#27;[0m
    &amp#27;[32mWhen &amp#27;[0m&amp#27;[32mUser input "&amp#27;[0m&amp#27;[32m&amp#27;[1mstandard_user&amp#27;[0m&amp#27;[32m" as userName and "&amp#27;[0m&amp#27;[32m&amp#27;[1msecret_sauce&amp#27;[0m&amp#27;[32m" as pasword&amp#27;[0m &amp#27;[90m# loginSteps.inputCredential(String,String)&amp#27;[0m
    &amp#27;[32mAnd &amp#27;[0m&amp#27;[32mUser is already in landing page&amp#27;[0m                                       &amp#27;[90m# loginSteps.isDashboardIsDisplayed()&amp#27;[0m

  Scenario Outline: invalid Login                                        &amp#27;[90m# features/Login.feature:9&amp#27;[0m
    &amp#27;[36mGiven &amp#27;[0m&amp#27;[36mUser open the web page&amp#27;[0m
    &amp#27;[36mWhen &amp#27;[0m&amp#27;[36mUser input "<userName>" as userName and "<password>" as pasword&amp#27;[0m
    &amp#27;[36mThen &amp#27;[0m&amp#27;[36mUser will see "<errorText>" on login page&amp#27;[0m

    Examples: 
]]></system-out>
    <system-err><![CDATA[Starting ChromeDriver 106.0.5249.61 (511755355844955cd3e264779baf0dd38212a4d0-refs/branch-heads/5249@{#569}) on port 35908
Only local connections are allowed.
Please see https://chromedriver.chromium.org/security-considerations for suggestions on keeping ChromeDriver safe.
ChromeDriver was started successfully.
Oct 30, 2022 8:38:14 PM org.openqa.selenium.remote.ProtocolHandshake createSession
INFO: Detected dialect: W3C
Oct 30, 2022 8:38:14 PM org.openqa.selenium.devtools.CdpVersionFinder findNearestMatch
WARNING: Unable to find an exact match for CDP version 106, so returning the closest version found: a no-op implementation
Oct 30, 2022 8:38:14 PM org.openqa.selenium.devtools.CdpVersionFinder findNearestMatch
INFO: Unable to find CDP implementation matching 106.
Oct 30, 2022 8:38:14 PM org.openqa.selenium.chromium.ChromiumDriver lambda$new$3
WARNING: Unable to find version of CDP to use for . You may need to include a dependency on a specific version of the CDP using something similar to `org.seleniumhq.selenium:selenium-devtools-v86:4.1.2` where the version ("v86") matches the version of the chromium-based browser you're using and the version number of the artifact is the same as Selenium's.
]]></system-err>
  </testcase>
  <testcase name="When User input &quot;asd&quot; as userName and &quot;secret_sauce&quot; as pasword" classname="| asd | secret_sauce | Epic sadface: Username and password do not match any user in this service |" time="0.001"/>
  <testcase name="Then User will see &quot;Epic sadface: Username and password do not match any user in this service&quot; on login page" classname="| asd | secret_sauce | Epic sadface: Username and password do not match any user in this service |" time="0"/>
  <testcase name="" classname="| asd | secret_sauce | Epic sadface: Username and password do not match any user in this service |" time="0.102"/>
  <testcase name="Given User open the web page" classname="| standard_user | asd | Epic sadface: Username and password do not match any user in this service |" time="0">
    <system-out><![CDATA[
  @Login
  Scenario Outline: invalid Login                                                                                &amp#27;[90m# features/Login.feature:15&amp#27;[0m
    &amp#27;[32mGiven &amp#27;[0m&amp#27;[32mUser open the web page&amp#27;[0m                                                                                 &amp#27;[90m# loginSteps.verifyLoginPage()&amp#27;[0m
    &amp#27;[32mWhen &amp#27;[0m&amp#27;[32mUser input "&amp#27;[0m&amp#27;[32m&amp#27;[1masd&amp#27;[0m&amp#27;[32m" as userName and "&amp#27;[0m&amp#27;[32m&amp#27;[1msecret_sauce&amp#27;[0m&amp#27;[32m" as pasword&amp#27;[0m                                              &amp#27;[90m# loginSteps.inputCredential(String,String)&amp#27;[0m
    &amp#27;[32mThen &amp#27;[0m&amp#27;[32mUser will see "&amp#27;[0m&amp#27;[32m&amp#27;[1mEpic sadface: Username and password do not match any user in this service&amp#27;[0m&amp#27;[32m" on login page&amp#27;[0m &amp#27;[90m# loginSteps.displayErrorMassage(String)&amp#27;[0m
]]></system-out>
    <system-err><![CDATA[Starting ChromeDriver 106.0.5249.61 (511755355844955cd3e264779baf0dd38212a4d0-refs/branch-heads/5249@{#569}) on port 45724
Only local connections are allowed.
Please see https://chromedriver.chromium.org/security-considerations for suggestions on keeping ChromeDriver safe.
ChromeDriver was started successfully.
Oct 30, 2022 8:38:48 PM org.openqa.selenium.remote.ProtocolHandshake createSession
INFO: Detected dialect: W3C
Oct 30, 2022 8:38:48 PM org.openqa.selenium.devtools.CdpVersionFinder findNearestMatch
WARNING: Unable to find an exact match for CDP version 106, so returning the closest version found: a no-op implementation
Oct 30, 2022 8:38:48 PM org.openqa.selenium.devtools.CdpVersionFinder findNearestMatch
INFO: Unable to find CDP implementation matching 106.
Oct 30, 2022 8:38:48 PM org.openqa.selenium.chromium.ChromiumDriver lambda$new$3
WARNING: Unable to find version of CDP to use for . You may need to include a dependency on a specific version of the CDP using something similar to `org.seleniumhq.selenium:selenium-devtools-v86:4.1.2` where the version ("v86") matches the version of the chromium-based browser you're using and the version number of the artifact is the same as Selenium's.
]]></system-err>
  </testcase>
  <testcase name="When User input &quot;standard_user&quot; as userName and &quot;asd&quot; as pasword" classname="| standard_user | asd | Epic sadface: Username and password do not match any user in this service |" time="0.001"/>
  <testcase name="Then User will see &quot;Epic sadface: Username and password do not match any user in this service&quot; on login page" classname="| standard_user | asd | Epic sadface: Username and password do not match any user in this service |" time="0"/>
  <testcase name="" classname="| standard_user | asd | Epic sadface: Username and password do not match any user in this service |" time="0.101"/>
  <testcase name="Given User open the web page" classname="|  |  | Epic sadface: Username is required |" time="0">
    <system-out><![CDATA[
  @Login
  Scenario Outline: invalid Login                                                                                &amp#27;[90m# features/Login.feature:16&amp#27;[0m
    &amp#27;[32mGiven &amp#27;[0m&amp#27;[32mUser open the web page&amp#27;[0m                                                                                 &amp#27;[90m# loginSteps.verifyLoginPage()&amp#27;[0m
    &amp#27;[32mWhen &amp#27;[0m&amp#27;[32mUser input "&amp#27;[0m&amp#27;[32m&amp#27;[1mstandard_user&amp#27;[0m&amp#27;[32m" as userName and "&amp#27;[0m&amp#27;[32m&amp#27;[1masd&amp#27;[0m&amp#27;[32m" as pasword&amp#27;[0m                                             &amp#27;[90m# loginSteps.inputCredential(String,String)&amp#27;[0m
    &amp#27;[32mThen &amp#27;[0m&amp#27;[32mUser will see "&amp#27;[0m&amp#27;[32m&amp#27;[1mEpic sadface: Username and password do not match any user in this service&amp#27;[0m&amp#27;[32m" on login page&amp#27;[0m &amp#27;[90m# loginSteps.displayErrorMassage(String)&amp#27;[0m
]]></system-out>
    <system-err><![CDATA[Starting ChromeDriver 106.0.5249.61 (511755355844955cd3e264779baf0dd38212a4d0-refs/branch-heads/5249@{#569}) on port 41878
Only local connections are allowed.
Please see https://chromedriver.chromium.org/security-considerations for suggestions on keeping ChromeDriver safe.
ChromeDriver was started successfully.
Oct 30, 2022 8:38:56 PM org.openqa.selenium.remote.ProtocolHandshake createSession
INFO: Detected dialect: W3C
Oct 30, 2022 8:38:56 PM org.openqa.selenium.devtools.CdpVersionFinder findNearestMatch
WARNING: Unable to find an exact match for CDP version 106, so returning the closest version found: a no-op implementation
Oct 30, 2022 8:38:56 PM org.openqa.selenium.devtools.CdpVersionFinder findNearestMatch
INFO: Unable to find CDP implementation matching 106.
Oct 30, 2022 8:38:56 PM org.openqa.selenium.chromium.ChromiumDriver lambda$new$3
WARNING: Unable to find version of CDP to use for . You may need to include a dependency on a specific version of the CDP using something similar to `org.seleniumhq.selenium:selenium-devtools-v86:4.1.2` where the version ("v86") matches the version of the chromium-based browser you're using and the version number of the artifact is the same as Selenium's.
]]></system-err>
  </testcase>
  <testcase name="When User input &quot;&quot; as userName and &quot;&quot; as pasword" classname="|  |  | Epic sadface: Username is required |" time="0"/>
  <testcase name="Then User will see &quot;Epic sadface: Username is required&quot; on login page" classname="|  |  | Epic sadface: Username is required |" time="0"/>
  <testcase name="" classname="|  |  | Epic sadface: Username is required |" time="0.153"/>
  <testcase name="Given User open the web page" classname="| asd |  | Epic sadface: Password is required |" time="0">
    <system-out><![CDATA[
  @Login
  Scenario Outline: invalid Login                                         &amp#27;[90m# features/Login.feature:17&amp#27;[0m
    &amp#27;[32mGiven &amp#27;[0m&amp#27;[32mUser open the web page&amp#27;[0m                                          &amp#27;[90m# loginSteps.verifyLoginPage()&amp#27;[0m
    &amp#27;[32mWhen &amp#27;[0m&amp#27;[32mUser input "&amp#27;[0m&amp#27;[32m&amp#27;[1m&amp#27;[0m&amp#27;[32m" as userName and "&amp#27;[0m&amp#27;[32m&amp#27;[1m&amp#27;[0m&amp#27;[32m" as pasword&amp#27;[0m                      &amp#27;[90m# loginSteps.inputCredential(String,String)&amp#27;[0m
    &amp#27;[32mThen &amp#27;[0m&amp#27;[32mUser will see "&amp#27;[0m&amp#27;[32m&amp#27;[1mEpic sadface: Username is required&amp#27;[0m&amp#27;[32m" on login page&amp#27;[0m &amp#27;[90m# loginSteps.displayErrorMassage(String)&amp#27;[0m
]]></system-out>
    <system-err><![CDATA[Starting ChromeDriver 106.0.5249.61 (511755355844955cd3e264779baf0dd38212a4d0-refs/branch-heads/5249@{#569}) on port 52875
Only local connections are allowed.
Please see https://chromedriver.chromium.org/security-considerations for suggestions on keeping ChromeDriver safe.
ChromeDriver was started successfully.
Oct 30, 2022 8:39:07 PM org.openqa.selenium.remote.ProtocolHandshake createSession
INFO: Detected dialect: W3C
Oct 30, 2022 8:39:07 PM org.openqa.selenium.devtools.CdpVersionFinder findNearestMatch
WARNING: Unable to find an exact match for CDP version 106, so returning the closest version found: a no-op implementation
Oct 30, 2022 8:39:07 PM org.openqa.selenium.devtools.CdpVersionFinder findNearestMatch
INFO: Unable to find CDP implementation matching 106.
Oct 30, 2022 8:39:07 PM org.openqa.selenium.chromium.ChromiumDriver lambda$new$3
WARNING: Unable to find version of CDP to use for . You may need to include a dependency on a specific version of the CDP using something similar to `org.seleniumhq.selenium:selenium-devtools-v86:4.1.2` where the version ("v86") matches the version of the chromium-based browser you're using and the version number of the artifact is the same as Selenium's.
]]></system-err>
  </testcase>
  <testcase name="When User input &quot;asd&quot; as userName and &quot;&quot; as pasword" classname="| asd |  | Epic sadface: Password is required |" time="0"/>
  <testcase name="Then User will see &quot;Epic sadface: Password is required&quot; on login page" classname="| asd |  | Epic sadface: Password is required |" time="0"/>
  <testcase name="" classname="| asd |  | Epic sadface: Password is required |" time="0.123"/>
  <testcase name="Given User open the web page" classname="|  | asd | Epic sadface: Username is required |" time="0.001">
    <system-out><![CDATA[
  @Login
  Scenario Outline: invalid Login                                         &amp#27;[90m# features/Login.feature:18&amp#27;[0m
    &amp#27;[32mGiven &amp#27;[0m&amp#27;[32mUser open the web page&amp#27;[0m                                          &amp#27;[90m# loginSteps.verifyLoginPage()&amp#27;[0m
    &amp#27;[32mWhen &amp#27;[0m&amp#27;[32mUser input "&amp#27;[0m&amp#27;[32m&amp#27;[1masd&amp#27;[0m&amp#27;[32m" as userName and "&amp#27;[0m&amp#27;[32m&amp#27;[1m&amp#27;[0m&amp#27;[32m" as pasword&amp#27;[0m                   &amp#27;[90m# loginSteps.inputCredential(String,String)&amp#27;[0m
    &amp#27;[32mThen &amp#27;[0m&amp#27;[32mUser will see "&amp#27;[0m&amp#27;[32m&amp#27;[1mEpic sadface: Password is required&amp#27;[0m&amp#27;[32m" on login page&amp#27;[0m &amp#27;[90m# loginSteps.displayErrorMassage(String)&amp#27;[0m
]]></system-out>
    <system-err><![CDATA[Starting ChromeDriver 106.0.5249.61 (511755355844955cd3e264779baf0dd38212a4d0-refs/branch-heads/5249@{#569}) on port 57972
Only local connections are allowed.
Please see https://chromedriver.chromium.org/security-considerations for suggestions on keeping ChromeDriver safe.
ChromeDriver was started successfully.
Oct 30, 2022 8:39:18 PM org.openqa.selenium.remote.ProtocolHandshake createSession
INFO: Detected dialect: W3C
Oct 30, 2022 8:39:18 PM org.openqa.selenium.devtools.CdpVersionFinder findNearestMatch
WARNING: Unable to find an exact match for CDP version 106, so returning the closest version found: a no-op implementation
Oct 30, 2022 8:39:18 PM org.openqa.selenium.devtools.CdpVersionFinder findNearestMatch
INFO: Unable to find CDP implementation matching 106.
Oct 30, 2022 8:39:18 PM org.openqa.selenium.chromium.ChromiumDriver lambda$new$3
WARNING: Unable to find version of CDP to use for . You may need to include a dependency on a specific version of the CDP using something similar to `org.seleniumhq.selenium:selenium-devtools-v86:4.1.2` where the version ("v86") matches the version of the chromium-based browser you're using and the version number of the artifact is the same as Selenium's.
]]></system-err>
  </testcase>
  <testcase name="When User input &quot;&quot; as userName and &quot;asd&quot; as pasword" classname="|  | asd | Epic sadface: Username is required |" time="0"/>
  <testcase name="Then User will see &quot;Epic sadface: Username is required&quot; on login page" classname="|  | asd | Epic sadface: Username is required |" time="0"/>
  <testcase name="" classname="|  | asd | Epic sadface: Username is required |" time="0.151"/>
  <testcase name="Given User open the web page" classname="Scenario: User" time="0">
    <system-out><![CDATA[
  @Login
  Scenario Outline: invalid Login                                         &amp#27;[90m# features/Login.feature:19&amp#27;[0m
    &amp#27;[32mGiven &amp#27;[0m&amp#27;[32mUser open the web page&amp#27;[0m                                          &amp#27;[90m# loginSteps.verifyLoginPage()&amp#27;[0m
    &amp#27;[32mWhen &amp#27;[0m&amp#27;[32mUser input "&amp#27;[0m&amp#27;[32m&amp#27;[1m&amp#27;[0m&amp#27;[32m" as userName and "&amp#27;[0m&amp#27;[32m&amp#27;[1masd&amp#27;[0m&amp#27;[32m" as pasword&amp#27;[0m                   &amp#27;[90m# loginSteps.inputCredential(String,String)&amp#27;[0m
    &amp#27;[32mThen &amp#27;[0m&amp#27;[32mUser will see "&amp#27;[0m&amp#27;[32m&amp#27;[1mEpic sadface: Username is required&amp#27;[0m&amp#27;[32m" on login page&amp#27;[0m &amp#27;[90m# loginSteps.displayErrorMassage(String)&amp#27;[0m
@BuyStuffs
Feature: Add To Chart And Checkout
  As user I want to add some stuffs to chart and checkout
]]></system-out>
    <system-err><![CDATA[Starting ChromeDriver 106.0.5249.61 (511755355844955cd3e264779baf0dd38212a4d0-refs/branch-heads/5249@{#569}) on port 42343
Only local connections are allowed.
Please see https://chromedriver.chromium.org/security-considerations for suggestions on keeping ChromeDriver safe.
ChromeDriver was started successfully.
Oct 30, 2022 8:39:24 PM org.openqa.selenium.remote.ProtocolHandshake createSession
INFO: Detected dialect: W3C
Oct 30, 2022 8:39:24 PM org.openqa.selenium.devtools.CdpVersionFinder findNearestMatch
WARNING: Unable to find an exact match for CDP version 106, so returning the closest version found: a no-op implementation
Oct 30, 2022 8:39:24 PM org.openqa.selenium.devtools.CdpVersionFinder findNearestMatch
INFO: Unable to find CDP implementation matching 106.
Oct 30, 2022 8:39:24 PM org.openqa.selenium.chromium.ChromiumDriver lambda$new$3
WARNING: Unable to find version of CDP to use for . You may need to include a dependency on a specific version of the CDP using something similar to `org.seleniumhq.selenium:selenium-devtools-v86:4.1.2` where the version ("v86") matches the version of the chromium-based browser you're using and the version number of the artifact is the same as Selenium's.
]]></system-err>
  </testcase>
  <testcase name="When User input &quot;standard_user&quot; as userName and &quot;secret_sauce&quot; as pasword" classname="Scenario: User" time="0"/>
  <testcase name="And User is already in landing page" classname="Scenario: User" time="0"/>
  <testcase name="Then User sort &quot;Name (Z to A)&quot; and will see item sorting as expected" classname="Scenario: User" time="0"/>
  <testcase name="And User pick &quot;Sauce Labs Onesie&quot; and &quot;Test.allTheThings() T-Shirt (Red)&quot; to chart" classname="Scenario: User" time="0"/>
  <testcase name="Then User will see basket has been filled with item have been choose" classname="Scenario: User" time="0"/>
  <testcase name="And User want to remove the last stuff have been added" classname="Scenario: User" time="0"/>
  <testcase name="And User want to checkout then input &quot;Jae&quot; as first name, &quot;Kusuma&quot; as lastname and &quot;14045&quot; as postal code" classname="Scenario: User" time="0"/>
  <testcase name="Then User will see checkout information payment &quot;Item total: $7.99&quot; with &quot;Tax: $0.64&quot; and &quot;Total: $8.63&quot;" classname="Scenario: User" time="0.001"/>
  <testcase name="Then User complete the transaction while see the &quot;Pony Express&quot; image" classname="Scenario: User" time="0"/>
  <testcase name="" classname="Scenario: User" time="0.132"/>
  <testcase name="Given User open the web page" classname="Scenario: Sorting item page" time="0">
    <system-out><![CDATA[
  Scenario: User                                                                                              &amp#27;[90m# features/PurchaseItemFlow.feature:4&amp#27;[0m
    &amp#27;[32mGiven &amp#27;[0m&amp#27;[32mUser open the web page&amp#27;[0m                                                                              &amp#27;[90m# loginSteps.verifyLoginPage()&amp#27;[0m
    &amp#27;[32mWhen &amp#27;[0m&amp#27;[32mUser input "&amp#27;[0m&amp#27;[32m&amp#27;[1mstandard_user&amp#27;[0m&amp#27;[32m" as userName and "&amp#27;[0m&amp#27;[32m&amp#27;[1msecret_sauce&amp#27;[0m&amp#27;[32m" as pasword&amp#27;[0m                                 &amp#27;[90m# loginSteps.inputCredential(String,String)&amp#27;[0m
    &amp#27;[32mAnd &amp#27;[0m&amp#27;[32mUser is already in landing page&amp#27;[0m                                                                       &amp#27;[90m# loginSteps.isDashboardIsDisplayed()&amp#27;[0m
    &amp#27;[32mThen &amp#27;[0m&amp#27;[32mUser sort "&amp#27;[0m&amp#27;[32m&amp#27;[1mName (Z to A)&amp#27;[0m&amp#27;[32m" and will see item sorting as expected&amp#27;[0m                                      &amp#27;[90m# purchaseSteps.clickDropDownSort(String)&amp#27;[0m
    &amp#27;[32mAnd &amp#27;[0m&amp#27;[32mUser pick "&amp#27;[0m&amp#27;[32m&amp#27;[1mSauce Labs Onesie&amp#27;[0m&amp#27;[32m" and "&amp#27;[0m&amp#27;[32m&amp#27;[1mTest.allTheThings() T-Shirt (Red)&amp#27;[0m&amp#27;[32m" to chart&amp#27;[0m                        &amp#27;[90m# purchaseSteps.putChooseItem(String,String)&amp#27;[0m
    &amp#27;[32mThen &amp#27;[0m&amp#27;[32mUser will see basket has been filled with item have been choose&amp#27;[0m                                      &amp#27;[90m# purchaseSteps.seeChartItem()&amp#27;[0m
    &amp#27;[32mAnd &amp#27;[0m&amp#27;[32mUser want to remove the last stuff have been added&amp#27;[0m                                                    &amp#27;[90m# purchaseSteps.removeItem()&amp#27;[0m
    &amp#27;[32mAnd &amp#27;[0m&amp#27;[32mUser want to checkout then input "&amp#27;[0m&amp#27;[32m&amp#27;[1mJae&amp#27;[0m&amp#27;[32m" as first name, "&amp#27;[0m&amp#27;[32m&amp#27;[1mKusuma&amp#27;[0m&amp#27;[32m" as lastname and "&amp#27;[0m&amp#27;[32m&amp#27;[1m14045&amp#27;[0m&amp#27;[32m" as postal code&amp#27;[0m &amp#27;[90m# purchaseSteps.checkoutStuffs(String,String,String)&amp#27;[0m
    &amp#27;[32mThen &amp#27;[0m&amp#27;[32mUser will see checkout information payment "&amp#27;[0m&amp#27;[32m&amp#27;[1mItem total: $7.99&amp#27;[0m&amp#27;[32m" with "&amp#27;[0m&amp#27;[32m&amp#27;[1mTax: $0.64&amp#27;[0m&amp#27;[32m" and "&amp#27;[0m&amp#27;[32m&amp#27;[1mTotal: $8.63&amp#27;[0m&amp#27;[32m"&amp#27;[0m  &amp#27;[90m# purchaseSteps.verifyPriceCheckOut(String,String,String)&amp#27;[0m
    &amp#27;[32mThen &amp#27;[0m&amp#27;[32mUser complete the transaction while see the "&amp#27;[0m&amp#27;[32m&amp#27;[1mPony Express&amp#27;[0m&amp#27;[32m" image&amp#27;[0m                                     &amp#27;[90m# purchaseSteps.successPageTransaction(String)&amp#27;[0m
@sortItem
Feature: Sorting Item by name or by price
  Ad user i want to sorting list on page
]]></system-out>
    <system-err><![CDATA[Starting ChromeDriver 106.0.5249.61 (511755355844955cd3e264779baf0dd38212a4d0-refs/branch-heads/5249@{#569}) on port 36593
Only local connections are allowed.
Please see https://chromedriver.chromium.org/security-considerations for suggestions on keeping ChromeDriver safe.
ChromeDriver was started successfully.
Oct 30, 2022 8:39:38 PM org.openqa.selenium.remote.ProtocolHandshake createSession
INFO: Detected dialect: W3C
Oct 30, 2022 8:39:38 PM org.openqa.selenium.devtools.CdpVersionFinder findNearestMatch
WARNING: Unable to find an exact match for CDP version 106, so returning the closest version found: a no-op implementation
Oct 30, 2022 8:39:38 PM org.openqa.selenium.devtools.CdpVersionFinder findNearestMatch
INFO: Unable to find CDP implementation matching 106.
Oct 30, 2022 8:39:38 PM org.openqa.selenium.chromium.ChromiumDriver lambda$new$3
WARNING: Unable to find version of CDP to use for . You may need to include a dependency on a specific version of the CDP using something similar to `org.seleniumhq.selenium:selenium-devtools-v86:4.1.2` where the version ("v86") matches the version of the chromium-based browser you're using and the version number of the artifact is the same as Selenium's.
]]></system-err>
  </testcase>
  <testcase name="When User input &quot;standard_user&quot; as userName and &quot;secret_sauce&quot; as pasword" classname="Scenario: Sorting item page" time="0"/>
  <testcase name="And User is already in landing page" classname="Scenario: Sorting item page" time="0.001"/>
  <testcase name="Then User sort &quot;Name (Z to A)&quot; and will see item sorting as expected" classname="Scenario: Sorting item page" time="0.001"/>
  <testcase name="And User sort &quot;Name (A to Z)&quot; and will see item sorting as expected" classname="Scenario: Sorting item page" time="0"/>
  <testcase name="And User sort &quot;Price (low to high)&quot; and will see item sorting as expected" classname="Scenario: Sorting item page" time="0"/>
  <testcase name="And User sort &quot;Price (high to low)&quot; and will see item sorting as expected" classname="Scenario: Sorting item page" time="0.001"/>
  <testcase name="" classname="Scenario: Sorting item page" time="0.157"/>
</testsuite>